<?xml version="1.0" encoding="UTF-8"?>
<!-- Generated by org.testng.reporters.JUnitReportReporter -->
<testsuite skipped="0" hostname="MTVL162aa64e9.local" name="com.kabir.car.test.CarTest" tests="4" failures="0" timestamp="18 Jul 2018 18:58:42 GMT" time="0.013" errors="0">
  <testcase name="highestRevenuecars" time="0.001" classname="com.kabir.car.test.CarTest"/>
  <testcase name="LowetRentalCarWithDiscount" time="0.002" classname="com.kabir.car.test.CarTest"/>
  <testcase name="LowetRentalCar" time="0.005" classname="com.kabir.car.test.CarTest"/>
  <testcase name="CarMakeTest" time="0.005" classname="com.kabir.car.test.CarTest"/>
</testsuite> <!-- com.kabir.car.test.CarTest -->
